<?xml version="1.0" encoding="UTF-8"?>
<testsuites name="Hi Test Suite" time="24.746" tests="1" failures="0" errors="0">
   <testsuite name="Hi Test Suite" tests="1" failures="0" errors="0" time="24.746" timestamp="2020-06-26 19:40:47" hostname="DE-GN-30721$ - DE-GN-30721.mshome.net" id="Test Suites/Hi Test Suite">
      <properties>
         <property name="deviceName" value=""/>
         <property name="devicePlatform" value=""/>
         <property name="logFolder" value="C:\\Users\\hiralharnal\\git\\Katalon-Studio\\Reports\\20200626_194044\\Hi Test Suite\\20200626_194044"/>
         <property name="logFiles" value="C:\\Users\\hiralharnal\\git\\Katalon-Studio\\Reports\\20200626_194044\\Hi Test Suite\\20200626_194044\\execution0.log"/>
         <property name="attachments" value=""/>
         <property name="hostName" value="DE-GN-30721$ - DE-GN-30721.mshome.net"/>
         <property name="os" value="Windows 10 64bit"/>
         <property name="katalonVersion" value="7.5.5.1"/>
         <property name="browser" value="Chrome 83.0.4103.116"/>
         <property name="hostAddress" value="172.17.160.193"/>
         <property name="sessionId" value="b91e132e2a610a4b8920c21c3d2b0c8d"/>
         <property name="seleniumVersion" value="3.141.59"/>
         <property name="proxyInformation" value="ProxyInformation { proxyOption=NO_PROXY, proxyServerType=HTTP, username=, password=********, proxyServerAddress=, proxyServerPort=0, executionList=\&quot;\&quot;, isApplyToDesiredCapabilities=true }"/>
         <property name="platform" value="Windows 10"/>
      </properties>
      <testcase name="Test Cases/Hi Test Case" time="23.846" classname="Test Cases/Hi Test Case" status="PASSED">
         <system-out><![CDATA[2020-06-26 19:40:47 - [TEST_CASE][PASSED] - Test Cases/Hi Test Case: Test Cases/Hi Test Case

2020-06-26 19:40:47 - [TEST_STEP][PASSED] - openBrowser(""): Browser is opened with url: ''

2020-06-26 19:40:48 - [MESSAGE][INFO] - Starting 'Chrome' driver

2020-06-26 19:40:48 - [MESSAGE][INFO] - Action delay is set to 0 milliseconds

2020-06-26 19:40:53 - [MESSAGE][PASSED] - Browser is opened with url: ''

2020-06-26 19:40:53 - [TEST_STEP][PASSED] - navigateToUrl("https://www.google.com/"): Navigate to 'https://www.google.com/' successfully

2020-06-26 19:41:03 - [MESSAGE][PASSED] - Navigate to 'https://www.google.com/' successfully

2020-06-26 19:41:03 - [TEST_STEP][PASSED] - setText(findTestObject("Object Repository/Hi Object Repository/Page_Google/input_Anmelden_q"), "yahoo"): Text 'yahoo' is set on object 'Object Repository/Hi Object Repository/Page_Google/input_Anmelden_q'

2020-06-26 19:41:09 - [MESSAGE][PASSED] - Text 'yahoo' is set on object 'Object Repository/Hi Object Repository/Page_Google/input_Anmelden_q'

2020-06-26 19:41:09 - [TEST_STEP][PASSED] - click(findTestObject("Object Repository/Hi Object Repository/Page_Google/span_yahoo")): Object: 'Object Repository/Hi Object Repository/Page_Google/span_yahoo' is clicked on

2020-06-26 19:41:11 - [MESSAGE][PASSED] - Object: 'Object Repository/Hi Object Repository/Page_Google/span_yahoo' is clicked on]]></system-out>
         <system-err><![CDATA[]]></system-err>
      </testcase>
      <system-out><![CDATA[2020-06-26 19:40:47 - [TEST_SUITE][PASSED] - Hi Test Suite: Test Cases/Hi Test Case]]></system-out>
      <system-err><![CDATA[]]></system-err>
   </testsuite>
</testsuites>
